+1+2398792::
+17862279815:SM2260ecc9f8934a1f8ae1c62b92f167cc:Thu, 26 May 2016 03:44:18 +0000
+17862279815:SM5bae79ee48194266821defe0dd5e5933:Thu, 26 May 2016 03:48:04 +0000
+17862279815:SMc49da9a4dd4140829a8f229081db5ba5:Thu, 26 May 2016 03:49:29 +0000
+17862279815:SM5c1a6bfbb6c54bcdb9777f4835e7812b:Thu, 26 May 2016 03:49:53 +0000
+17862279815:SM09ce1282c610462abf3680b42424224a:Thu, 26 May 2016 03:52:05 +0000
+17862279815:SM851a2e2d09c24a5794208c9384ed5897:Mon, 06 Jun 2016 03:16:37 +0000
+17862279815:SM94abdb77ee3944bf935ab03de0226630:Mon, 06 Jun 2016 03:18:04 +0000
+17862641322:SMaad0219389ef4db3917dd0541771bf5c:Tue, 21 Jun 2016 23:00:35 +0000
+17867097638:SMfdd1fc8e162b458cb7c46817ebb1455a:Tue, 21 Jun 2016 23:00:36 +0000
+17862641322:SMdabee8bc5a54453a8bdec399dd08ce53:Tue, 21 Jun 2016 23:00:44 +0000
+17867097638:SM8024352a8ea041398f377e5f4b456fe2:Tue, 21 Jun 2016 23:00:45 +0000
+17862279815:SMd48b6bce69954012bddce41ea3f89ce3:Tue, 21 Jun 2016 23:01:47 +0000
+17862279815:SM89156679d0a64ddabf25f11d520d006e:Sat, 09 Jul 2016 10:03:26 +0000
+1+12398792::
+1+12398792::
+17862279815:SM5aa1e74b0c414b76a03ea797ce86bc0a:Sat, 09 Jul 2016 10:30:27 +0000
+1+12398792::
+1+12398792::
+17862279815:SMfc38d65c5ea244e8b557e2831388a971:Sat, 09 Jul 2016 10:32:49 +0000
+1+12398792::
+10)766-1894::
+12)728-8050::
+12)544-9294::
+17862279815:SM3a0503de13e644d5b462b850a5e972af:Sat, 09 Jul 2016 17:34:16 +0000
+10)766-1894::
+12)728-8050::
+12)544-9294::
+17862279815:SM96290e067eb746b8b546ef1c4d5d8d39:Sun, 10 Jul 2016 01:05:48 +0000
+17862279815:SM2de9077fa5bf4aaaa13b1e42eb03d8c3:Wed, 03 Aug 2016 20:40:05 +0000
+119)6728412::
+10) 4217698::
+10) 8206541::
+10) 4344677::
+140)5649819::
+140)7464772::
+10) 2694807::
+140)4215048::
+10) 2463210::
+15404344677:SM3cb18288601241c097422a220123ff36:Tue, 16 Aug 2016 15:08:44 +0000
+15408108408:SMc30e0885040549c89eaf4ca63fbfd714:Tue, 16 Aug 2016 15:08:45 +0000
+15404351433:SMc966a47c7d094292becd5b6e8ced8b7e:Tue, 16 Aug 2016 15:08:46 +0000
+15713301396:SMc5106982639046cda88743971cfc4927:Tue, 16 Aug 2016 15:08:46 +0000
+15407605052:SMb8cef88e287f40269adb5a0702859a70:Tue, 16 Aug 2016 15:08:47 +0000
+15404343088:SM20c69cd40e9f441eabba80ee1a7caf0c:Tue, 16 Aug 2016 15:08:47 +0000
+13157782523:SMa9796cbd702549bd8be6685820da9512:Tue, 16 Aug 2016 15:08:48 +0000
+15408283117:SMdd59019d6a66452ab155c0064a750bd8:Tue, 16 Aug 2016 15:08:48 +0000
+15403831104:SM4e9bfb0213d64f1c92f1f4e9203e3d9a:Tue, 16 Aug 2016 15:08:49 +0000
+15408280207:SM440759824ed544caa0cd5c08976369a4:Tue, 16 Aug 2016 15:08:49 +0000
+15404219104:SMb2515a804e2b4aa994f0f9053920b881:Tue, 16 Aug 2016 15:10:45 +0000
+15404352650:SM94de9e35d03e426cb2bcaf9b6ff61d00:Tue, 16 Aug 2016 15:10:46 +0000
+15402982115:SM8dc3501477c64c8aaf20c9f35e471c6b:Tue, 16 Aug 2016 15:10:46 +0000
+15408303250:SMe668a11887dc45708e47f845020c9fee:Tue, 16 Aug 2016 15:10:47 +0000
+15403835263:SM7d8fb36b0d3946d99bc08b6fbd02662a:Tue, 16 Aug 2016 15:10:48 +0000
+15402492439:SM3193f989a6fc4b099e31d2e875c6d6d7:Tue, 16 Aug 2016 15:10:48 +0000
+15403837953:SMd4427888ee95414cb078f7951ca2d091:Tue, 16 Aug 2016 15:10:49 +0000
+15404348892:SM2c597b4e5fc14e16bb8120589e16db99:Tue, 16 Aug 2016 15:10:49 +0000
+15408155546:SM1817f2c092df489291f949a147d36235:Tue, 16 Aug 2016 15:10:50 +0000
+15404761818:SM9589f2f723d84579b934a7b63e48a9cb:Tue, 16 Aug 2016 15:10:50 +0000
+15402808140:SM46e3aa22cb8a498cb35deb41dc8a0613:Tue, 16 Aug 2016 15:10:51 +0000
+15402340504:SMd4a35f1ce64b43e8b8ca76df4ada3025:Tue, 16 Aug 2016 15:10:51 +0000
+15402463210:SM9e4ab03c106b4e138ddd7b678576152d:Tue, 16 Aug 2016 15:10:52 +0000
+15404762006:SM10712cd0a05743178fe1560782ee6d2e:Tue, 16 Aug 2016 15:10:53 +0000
+15405603328:SMf5eefb5970c448b0a2918dce26693ebe:Tue, 16 Aug 2016 15:10:53 +0000
+15404350947:SMdd51e413e7e4467ea8d77856e8eae683:Tue, 16 Aug 2016 15:10:54 +0000
+15404215048:SM6b863b09be5547ec9b673305ac26aa76:Tue, 16 Aug 2016 15:10:54 +0000
+15402495982:SM4121bf3e81cf4872924772f089f78232:Tue, 16 Aug 2016 15:10:55 +0000
+15408105399:SM97fca49cd465481485612d24b788078a:Tue, 16 Aug 2016 15:10:55 +0000
+15405605215:SM57b5b41120494054aeaa4fcd1c27face:Tue, 16 Aug 2016 15:10:56 +0000
+12028332333:SM7a41f18f7b5b46359c2680a9d18a3d19:Tue, 16 Aug 2016 15:13:05 +0000
+15405605352:SMce1302393b49448eaf94fbd6d4f1bfae:Tue, 16 Aug 2016 15:13:06 +0000
+15409083237:SM0cbf104732e84f3b972a01699a6d0dac:Tue, 16 Aug 2016 15:13:07 +0000
+13152228582:SM60baa2f3c6914bafb589a95ff0cf8abf:Tue, 16 Aug 2016 15:13:07 +0000
+15403832362:SM9135b086f6be44ce88c0eddf4b58290e:Tue, 16 Aug 2016 15:13:08 +0000
+15409082064:SM26ef9ef6491e47c2b722d266d23c9c86:Tue, 16 Aug 2016 15:13:08 +0000
+15402170290:SM4d40957c091e4729ab5b180770ea1a72:Tue, 16 Aug 2016 15:13:09 +0000
+15407463414:SMede243b1ba2a4c4c97e87210491cec45:Tue, 16 Aug 2016 15:13:09 +0000
+15408203870:SMbb898c25fd2b44db992b6077e9f0c560:Tue, 16 Aug 2016 15:13:10 +0000
+13147408593:SM1109baa568764fd4b47138e4a60e7ec1:Tue, 16 Aug 2016 15:13:10 +0000
+11540234741::
+15404216281:SMa72f01eae5654e05b50b01fbd6f098e4:Tue, 16 Aug 2016 15:13:11 +0000
+15408203009:SM3ee83191e5bc427e8462ad7d6718bf17:Tue, 16 Aug 2016 15:13:13 +0000
+17185082622:SMa77109f738d8435eaa2e0e4a9a8e1920:Tue, 16 Aug 2016 15:13:13 +0000
+15408209557:SMac49ca89be8d4ca7985f15226a2c1974:Tue, 16 Aug 2016 15:13:14 +0000
+15408283740:SM1661ec2ab41544b98cca5201973ddd4d:Tue, 16 Aug 2016 15:13:14 +0000
+15402146945:SM0eee49b6f29e463ba3eebc99cc416492:Tue, 16 Aug 2016 15:13:15 +0000
+15404214695:SMb7ff14c4ee4643129d1a237e5980a22b:Tue, 16 Aug 2016 15:13:16 +0000
+11540578309::
+15404142367:SMbf38b37e25f24237add4aebaab702b15:Tue, 16 Aug 2016 15:13:17 +0000
+17891363000::
+17891363000::
+19462807151::
+919462807151:SM3ca15124442349f9b26e12eeb7eca48c:Wed, 30 Nov 2016 02:34:31 +0000
+917891363000:SM6be119c4022b49f4a2d530d6ee0802e0:Wed, 30 Nov 2016 02:35:35 +0000
+17891363000::
+917891363000:SM3b198be98a304fddafd9c5e3f276b726:Wed, 30 Nov 2016 03:20:23 +0000
+917891363000:SMc3ea454c1194412ea40b05cb73f6b38f:Wed, 30 Nov 2016 03:28:34 +0000
+917891363000:SM690cb2f4379f402a9c48eb12f626e198:Wed, 30 Nov 2016 03:28:52 +0000
+17891363000::
+917891363000::
+17891363000::
+12402777971::
+12408259833::
+13019162810::
+17862279815::
+17891363000::
+17862279815::
false:not send:Mon, 26 Apr 2021 21:30:54
'':not send:Wed, 19 May 2021 15:25:11
'':not send:Wed, 19 May 2021 15:25:11
'':not send:Wed, 19 May 2021 15:25:11
'':not send:Wed, 19 May 2021 15:25:12
'':not send:Wed, 19 May 2021 15:25:12
'':not send:Wed, 19 May 2021 15:25:12
'':not send:Wed, 19 May 2021 15:25:13
'':not send:Wed, 19 May 2021 15:25:13
'':not send:Wed, 19 May 2021 15:25:13
'':not send:Wed, 19 May 2021 15:25:14
'':not send:Wed, 19 May 2021 15:25:14
'':not send:Wed, 19 May 2021 15:25:14
'':not send:Wed, 19 May 2021 15:25:15
'':not send:Wed, 19 May 2021 15:25:15
'':not send:Wed, 19 May 2021 15:25:15
'':not send:Wed, 19 May 2021 15:25:16
'':not send:Wed, 19 May 2021 15:25:16
'':not send:Wed, 19 May 2021 15:25:17
'':not send:Wed, 19 May 2021 15:25:17
'':not send:Wed, 19 May 2021 15:25:18
'':not send:Wed, 19 May 2021 15:25:18
'':not send:Wed, 19 May 2021 15:25:18
'':not send:Wed, 19 May 2021 15:25:18
'':not send:Wed, 19 May 2021 15:25:19
'':not send:Wed, 19 May 2021 15:25:19
'':not send:Wed, 19 May 2021 15:25:19
'':not send:Wed, 19 May 2021 15:25:19
'':not send:Wed, 19 May 2021 15:25:19
'':not send:Wed, 19 May 2021 15:25:19
'':not send:Wed, 19 May 2021 15:25:19
'':not send:Wed, 19 May 2021 15:25:20
'':not send:Wed, 19 May 2021 15:25:20
'':not send:Wed, 19 May 2021 15:25:20
'':not send:Wed, 19 May 2021 15:25:20
'':not send:Wed, 19 May 2021 15:25:20
'':not send:Wed, 19 May 2021 15:25:20
'':not send:Wed, 19 May 2021 15:25:41
'':not send:Wed, 19 May 2021 15:25:42
'':not send:Wed, 19 May 2021 15:25:42
'':not send:Wed, 19 May 2021 15:25:42
'':not send:Wed, 19 May 2021 15:25:43
'':not send:Wed, 19 May 2021 15:25:43
'':not send:Wed, 19 May 2021 15:25:43
'':not send:Wed, 19 May 2021 15:25:44
'':not send:Wed, 19 May 2021 15:25:44
'':not send:Wed, 19 May 2021 15:25:44
'':not send:Wed, 19 May 2021 15:25:44
'':not send:Wed, 19 May 2021 15:25:45
'':not send:Wed, 19 May 2021 15:25:45
'':not send:Wed, 19 May 2021 15:25:46
'':not send:Wed, 19 May 2021 15:25:46
'':not send:Wed, 19 May 2021 15:25:46
'':not send:Wed, 19 May 2021 15:25:46
'':not send:Wed, 19 May 2021 15:25:47
'':not send:Wed, 19 May 2021 15:25:47
'':not send:Wed, 19 May 2021 15:25:47
'':not send:Wed, 19 May 2021 15:25:48
'':not send:Wed, 19 May 2021 15:25:48
'':not send:Wed, 19 May 2021 15:25:48
'':not send:Wed, 19 May 2021 15:25:48
'':not send:Wed, 19 May 2021 15:25:49
'':not send:Wed, 19 May 2021 15:25:49
'':not send:Wed, 19 May 2021 15:25:49
'':not send:Wed, 19 May 2021 15:25:49
'':not send:Wed, 19 May 2021 15:25:49
'':not send:Wed, 19 May 2021 15:25:49
'':not send:Wed, 19 May 2021 15:25:50
'':not send:Wed, 19 May 2021 15:25:50
'':not send:Wed, 19 May 2021 15:25:50
'':not send:Wed, 19 May 2021 15:25:50
'':not send:Wed, 19 May 2021 15:25:50
'':not send:Wed, 19 May 2021 15:25:50
'':not send:Wed, 19 May 2021 15:25:50
'':not send:Wed, 19 May 2021 15:25:50
'':not send:Wed, 19 May 2021 15:25:51
'':not send:Wed, 19 May 2021 15:25:51
'':not send:Wed, 19 May 2021 15:25:51
'':not send:Wed, 19 May 2021 15:25:51
'':not send:Wed, 19 May 2021 15:25:52
'':not send:Wed, 19 May 2021 15:25:52
'':not send:Wed, 19 May 2021 15:25:52
'':not send:Wed, 19 May 2021 15:25:53
'':not send:Wed, 19 May 2021 15:25:53
'':not send:Wed, 19 May 2021 15:25:53
'':not send:Wed, 19 May 2021 15:26:32
'':not send:Wed, 19 May 2021 15:26:32
'':not send:Wed, 19 May 2021 15:26:33
'':not send:Wed, 19 May 2021 15:26:33
'':not send:Wed, 19 May 2021 15:26:33
'':not send:Wed, 19 May 2021 15:26:34
'':not send:Wed, 19 May 2021 15:26:34
'':not send:Wed, 19 May 2021 15:26:34
'':not send:Wed, 19 May 2021 15:26:35
'':not send:Wed, 19 May 2021 15:26:35
'':not send:Wed, 19 May 2021 15:26:36
'':not send:Wed, 19 May 2021 15:26:37
'':not send:Wed, 19 May 2021 15:26:37
'':not send:Wed, 19 May 2021 15:26:37
'':not send:Wed, 19 May 2021 15:26:37
'':not send:Wed, 19 May 2021 15:26:38
'':not send:Wed, 19 May 2021 15:26:38
'':not send:Wed, 19 May 2021 15:26:38
'':not send:Wed, 19 May 2021 15:26:39
'':not send:Wed, 19 May 2021 15:26:39
'':not send:Wed, 19 May 2021 15:26:39
'':not send:Wed, 19 May 2021 15:26:39
'':not send:Wed, 19 May 2021 15:26:39
'':not send:Wed, 19 May 2021 15:26:39
'':not send:Wed, 19 May 2021 15:26:39
'':not send:Wed, 19 May 2021 15:26:39
'':not send:Wed, 19 May 2021 15:26:39
'':not send:Wed, 19 May 2021 15:26:40
'':not send:Wed, 19 May 2021 15:26:40
'':not send:Wed, 19 May 2021 15:26:40
'':not send:Wed, 19 May 2021 15:26:40
'':not send:Wed, 19 May 2021 15:26:40
'':not send:Wed, 19 May 2021 15:26:40
'':not send:Wed, 19 May 2021 15:26:40
'':not send:Wed, 19 May 2021 15:26:40
'':not send:Wed, 19 May 2021 15:26:41
'':not send:Wed, 19 May 2021 15:26:41
'':not send:Wed, 19 May 2021 15:26:41
'':not send:Wed, 19 May 2021 15:26:42
'':not send:Wed, 19 May 2021 15:26:42
'':not send:Wed, 19 May 2021 15:26:43
'':not send:Wed, 19 May 2021 15:26:43
'':not send:Wed, 19 May 2021 15:26:43
'':not send:Wed, 19 May 2021 15:26:44
'':not send:Wed, 19 May 2021 15:26:44
'':not send:Wed, 19 May 2021 15:26:44
'':not send:Wed, 19 May 2021 15:26:44
'':not send:Wed, 19 May 2021 15:26:45
'':not send:Wed, 19 May 2021 15:26:45
'':not send:Wed, 19 May 2021 15:26:45
'':not send:Wed, 19 May 2021 15:26:46
'':not send:Wed, 19 May 2021 15:26:46
'':not send:Wed, 19 May 2021 15:26:47
'':not send:Wed, 19 May 2021 15:26:47
'':not send:Wed, 19 May 2021 15:26:47
'':not send:Wed, 19 May 2021 15:26:48
'':not send:Wed, 19 May 2021 15:26:48
'':not send:Wed, 19 May 2021 15:26:48
'':not send:Wed, 19 May 2021 15:26:48
'':not send:Wed, 19 May 2021 15:26:49
'':not send:Wed, 19 May 2021 15:26:49
'':not send:Wed, 19 May 2021 15:26:49
'':not send:Wed, 19 May 2021 15:26:50
'':not send:Wed, 19 May 2021 15:26:50
'':not send:Wed, 19 May 2021 15:26:50
'':not send:Wed, 19 May 2021 15:26:51
'':not send:Wed, 19 May 2021 15:26:51
'':not send:Wed, 19 May 2021 15:26:51
'':not send:Wed, 19 May 2021 15:26:52
'':not send:Wed, 19 May 2021 15:26:52
'':not send:Wed, 19 May 2021 15:26:52
'':not send:Wed, 19 May 2021 15:26:52
'':not send:Wed, 19 May 2021 15:26:52
'':not send:Wed, 19 May 2021 15:26:52
'':not send:Wed, 19 May 2021 15:26:52
'':not send:Wed, 19 May 2021 15:26:52
'':not send:Wed, 19 May 2021 15:26:52
'':not send:Wed, 19 May 2021 15:26:52
'':not send:Wed, 19 May 2021 15:26:53
'':not send:Wed, 19 May 2021 15:26:53
'':not send:Wed, 19 May 2021 15:26:53
'':not send:Wed, 19 May 2021 15:26:53
'':not send:Wed, 19 May 2021 15:26:53
'':not send:Wed, 19 May 2021 15:26:53
'':not send:Wed, 19 May 2021 15:26:53
'':not send:Wed, 19 May 2021 15:26:54
'':not send:Wed, 19 May 2021 15:26:54
'':not send:Wed, 19 May 2021 15:26:54
'':not send:Wed, 19 May 2021 15:26:55
'':not send:Wed, 19 May 2021 15:26:55
'':not send:Wed, 19 May 2021 15:26:56
'':not send:Wed, 19 May 2021 15:26:56
'':not send:Wed, 19 May 2021 15:26:56
'':not send:Wed, 19 May 2021 15:26:56
'':not send:Wed, 19 May 2021 15:26:57
'':not send:Wed, 19 May 2021 15:26:57
'':not send:Wed, 19 May 2021 15:26:57
'':not send:Wed, 19 May 2021 15:26:58
'':not send:Wed, 19 May 2021 15:26:58
'':not send:Wed, 19 May 2021 15:26:58
'':not send:Wed, 19 May 2021 15:26:59
'':not send:Wed, 19 May 2021 15:26:59
'':not send:Wed, 19 May 2021 15:26:59
'':not send:Wed, 19 May 2021 15:27:00
'':not send:Wed, 19 May 2021 15:27:00
'':not send:Wed, 19 May 2021 15:27:00
'':not send:Wed, 19 May 2021 15:27:00
'':not send:Wed, 19 May 2021 15:27:01
'':not send:Wed, 19 May 2021 15:27:01
'':not send:Wed, 19 May 2021 15:27:01
'':not send:Wed, 19 May 2021 15:27:13
'':not send:Wed, 19 May 2021 15:27:13
'':not send:Wed, 19 May 2021 15:27:13
'':not send:Wed, 19 May 2021 15:27:13
'':not send:Wed, 19 May 2021 15:27:14
'':not send:Wed, 19 May 2021 15:27:14
'':not send:Wed, 19 May 2021 15:27:14
'':not send:Wed, 19 May 2021 15:27:15
'':not send:Wed, 19 May 2021 15:27:15
'':not send:Wed, 19 May 2021 15:27:15
'':not send:Wed, 19 May 2021 15:27:21
'':not send:Wed, 19 May 2021 15:27:21
'':not send:Wed, 19 May 2021 15:27:21
'':not send:Wed, 19 May 2021 15:27:22
'':not send:Wed, 19 May 2021 15:27:22
'':not send:Wed, 19 May 2021 15:27:22
'':not send:Wed, 19 May 2021 15:27:23
'':not send:Wed, 19 May 2021 15:27:23
'':not send:Wed, 19 May 2021 15:27:23
'':not send:Wed, 19 May 2021 15:27:24
'':not send:Wed, 19 May 2021 15:27:24
'':not send:Wed, 19 May 2021 15:27:24
'':not send:Wed, 19 May 2021 15:27:25
'':not send:Wed, 19 May 2021 15:27:25
'':not send:Wed, 19 May 2021 15:27:25
'':not send:Wed, 19 May 2021 15:27:25
'':not send:Wed, 19 May 2021 15:27:26
'':not send:Wed, 19 May 2021 15:27:26
'':not send:Wed, 19 May 2021 15:27:26
'':not send:Wed, 19 May 2021 15:27:27
'':not send:Wed, 19 May 2021 15:27:27
'':not send:Wed, 19 May 2021 15:27:27
'':not send:Wed, 19 May 2021 15:27:27
'':not send:Wed, 19 May 2021 15:27:28
'':not send:Wed, 19 May 2021 15:27:28
'':not send:Wed, 19 May 2021 15:27:28
'':not send:Wed, 19 May 2021 15:27:28
'':not send:Wed, 19 May 2021 15:27:29
'':not send:Wed, 19 May 2021 15:27:29
'':not send:Wed, 19 May 2021 15:27:30
'':not send:Wed, 19 May 2021 15:27:30
'':not send:Wed, 19 May 2021 15:27:30
'':not send:Wed, 19 May 2021 15:27:30
'':not send:Wed, 19 May 2021 15:27:30
'':not send:Wed, 19 May 2021 15:27:31
'':not send:Wed, 19 May 2021 15:27:31
'':not send:Wed, 19 May 2021 15:27:31
'':not send:Wed, 19 May 2021 15:27:31
'':not send:Wed, 19 May 2021 15:27:31
'':not send:Wed, 19 May 2021 15:27:31
'':not send:Wed, 19 May 2021 15:27:32
'':not send:Wed, 19 May 2021 15:27:32
'':not send:Wed, 19 May 2021 15:27:32
'':not send:Wed, 19 May 2021 15:27:33
'':not send:Wed, 19 May 2021 15:27:33
'':not send:Wed, 19 May 2021 15:27:33
'':not send:Wed, 19 May 2021 15:27:34
'':not send:Wed, 19 May 2021 15:27:34
'':not send:Wed, 19 May 2021 15:27:34
'':not send:Wed, 19 May 2021 15:27:34
'':not send:Wed, 19 May 2021 15:27:43
'':not send:Wed, 19 May 2021 15:27:43
'':not send:Wed, 19 May 2021 15:27:43
'':not send:Wed, 19 May 2021 15:27:44
'':not send:Wed, 19 May 2021 15:27:44
'':not send:Wed, 19 May 2021 15:27:44
'':not send:Wed, 19 May 2021 15:27:45
'':not send:Wed, 19 May 2021 15:27:45
'':not send:Wed, 19 May 2021 15:27:45
'':not send:Wed, 19 May 2021 15:27:45
'':not send:Wed, 19 May 2021 15:27:46
'':not send:Wed, 19 May 2021 15:27:46
'':not send:Wed, 19 May 2021 15:27:46
'':not send:Wed, 19 May 2021 15:27:47
'':not send:Wed, 19 May 2021 15:27:47
'':not send:Wed, 19 May 2021 15:27:47
'':not send:Wed, 19 May 2021 15:27:48
'':not send:Wed, 19 May 2021 15:27:48
'':not send:Wed, 19 May 2021 15:27:48
'':not send:Wed, 19 May 2021 15:27:49
'':not send:Wed, 19 May 2021 15:29:14
'':not send:Wed, 19 May 2021 15:29:14
'':not send:Wed, 19 May 2021 15:29:14
'':not send:Wed, 19 May 2021 15:29:15
'':not send:Wed, 19 May 2021 15:29:15
'':not send:Wed, 19 May 2021 15:29:15
'':not send:Wed, 19 May 2021 15:29:15
'':not send:Wed, 19 May 2021 15:29:16
'':not send:Wed, 19 May 2021 15:29:16
'':not send:Wed, 19 May 2021 15:29:16
'':not send:Wed, 19 May 2021 15:29:16
'':not send:Wed, 19 May 2021 15:29:17
'':not send:Wed, 19 May 2021 15:29:17
'':not send:Wed, 19 May 2021 15:29:17
'':not send:Wed, 19 May 2021 15:29:18
'':not send:Wed, 19 May 2021 15:29:18
'':not send:Wed, 19 May 2021 15:29:18
'':not send:Wed, 19 May 2021 15:29:18
'':not send:Wed, 19 May 2021 15:29:19
'':not send:Wed, 19 May 2021 15:29:19
'':not send:Wed, 19 May 2021 15:29:19
'':not send:Wed, 19 May 2021 15:29:20
'':not send:Wed, 19 May 2021 15:29:20
'':not send:Wed, 19 May 2021 15:29:20
'':not send:Wed, 19 May 2021 15:29:20
'':not send:Wed, 19 May 2021 15:29:20
'':not send:Wed, 19 May 2021 15:29:21
'':not send:Wed, 19 May 2021 15:29:21
'':not send:Wed, 19 May 2021 15:29:21
'':not send:Wed, 19 May 2021 15:29:21
'':not send:Wed, 19 May 2021 15:29:21
'':not send:Wed, 19 May 2021 15:29:21
'':not send:Wed, 19 May 2021 15:29:21
'':not send:Wed, 19 May 2021 15:29:22
'':not send:Wed, 19 May 2021 15:29:22
'':not send:Wed, 19 May 2021 15:29:22
'':not send:Wed, 19 May 2021 15:29:22
'':not send:Wed, 19 May 2021 15:29:22
'':not send:Wed, 19 May 2021 15:29:22
'':not send:Wed, 19 May 2021 15:29:22
'':not send:Wed, 19 May 2021 15:29:22
'':not send:Wed, 19 May 2021 15:29:22
'':not send:Wed, 19 May 2021 15:29:22
'':not send:Wed, 19 May 2021 15:29:22
'':not send:Wed, 19 May 2021 15:29:22
'':not send:Wed, 19 May 2021 15:29:22
'':not send:Wed, 19 May 2021 15:29:22
'':not send:Wed, 19 May 2021 15:29:22
'':not send:Wed, 19 May 2021 15:29:23
'':not send:Wed, 19 May 2021 15:29:23
'':not send:Wed, 19 May 2021 15:29:23
'':not send:Wed, 19 May 2021 15:29:23
'':not send:Wed, 19 May 2021 15:29:23
'':not send:Wed, 19 May 2021 15:29:23
'':not send:Wed, 19 May 2021 15:29:23
'':not send:Wed, 19 May 2021 15:29:24
'':not send:Wed, 19 May 2021 15:29:24
'':not send:Wed, 19 May 2021 15:29:24
'':not send:Wed, 19 May 2021 15:29:24
'':not send:Wed, 19 May 2021 15:29:24
'':not send:Wed, 19 May 2021 15:29:24
'':not send:Wed, 19 May 2021 15:29:24
'':not send:Wed, 19 May 2021 15:29:25
'':not send:Wed, 19 May 2021 15:29:25
'':not send:Wed, 19 May 2021 15:29:25
'':not send:Wed, 19 May 2021 15:29:25
'':not send:Wed, 19 May 2021 15:29:25
'':not send:Wed, 19 May 2021 15:29:26
'':not send:Wed, 19 May 2021 15:29:26
'':not send:Wed, 19 May 2021 15:29:26
'':not send:Wed, 19 May 2021 15:29:26
'':not send:Wed, 19 May 2021 15:29:26
'':not send:Wed, 19 May 2021 15:29:27
'':not send:Wed, 19 May 2021 15:29:27
'':not send:Wed, 19 May 2021 15:29:27
'':not send:Wed, 19 May 2021 15:29:27
'':not send:Wed, 19 May 2021 15:29:27
'':not send:Wed, 19 May 2021 15:29:27
'':not send:Wed, 19 May 2021 15:29:27
'':not send:Wed, 19 May 2021 15:29:27
'':not send:Wed, 19 May 2021 15:29:28
'':not send:Wed, 19 May 2021 15:29:28
'':not send:Wed, 19 May 2021 15:29:28
'':not send:Wed, 19 May 2021 15:29:28
'':not send:Wed, 19 May 2021 15:29:28
'':not send:Wed, 19 May 2021 15:29:28
'':not send:Wed, 19 May 2021 15:29:29
'':not send:Wed, 19 May 2021 15:29:29
'':not send:Wed, 19 May 2021 15:29:29
'':not send:Wed, 19 May 2021 15:29:29
'':not send:Wed, 19 May 2021 15:29:29
'':not send:Wed, 19 May 2021 15:29:29
'':not send:Wed, 19 May 2021 15:29:29
'':not send:Wed, 19 May 2021 15:29:30
'':not send:Wed, 19 May 2021 15:29:30
'':not send:Wed, 19 May 2021 15:29:31
'':not send:Wed, 19 May 2021 15:29:31
'':not send:Wed, 19 May 2021 15:29:31
'':not send:Wed, 19 May 2021 15:29:31
'':not send:Wed, 19 May 2021 15:29:32
'':not send:Wed, 19 May 2021 15:29:44
'':not send:Wed, 19 May 2021 15:29:44
'':not send:Wed, 19 May 2021 15:29:44
'':not send:Wed, 19 May 2021 15:29:44
'':not send:Wed, 19 May 2021 15:29:45
'':not send:Wed, 19 May 2021 15:29:45
'':not send:Wed, 19 May 2021 15:29:45
'':not send:Wed, 19 May 2021 15:29:46
'':not send:Wed, 19 May 2021 15:29:46
'':not send:Wed, 19 May 2021 15:29:46
'':not send:Wed, 19 May 2021 15:31:02
'':not send:Wed, 19 May 2021 15:31:02
'':not send:Wed, 19 May 2021 15:31:02
'':not send:Wed, 19 May 2021 15:31:03
'':not send:Wed, 19 May 2021 15:31:03
'':not send:Wed, 19 May 2021 15:31:03
'':not send:Wed, 19 May 2021 15:31:04
'':not send:Wed, 19 May 2021 15:31:04
'':not send:Wed, 19 May 2021 15:31:04
'':not send:Wed, 19 May 2021 15:31:04
'':not send:Wed, 19 May 2021 15:31:05
'':not send:Wed, 19 May 2021 15:31:05
'':not send:Wed, 19 May 2021 15:31:06
'':not send:Wed, 19 May 2021 15:31:06
'':not send:Wed, 19 May 2021 15:31:06
'':not send:Wed, 19 May 2021 15:31:06
'':not send:Wed, 19 May 2021 15:31:07
'':not send:Wed, 19 May 2021 15:31:07
'':not send:Wed, 19 May 2021 15:31:07
'':not send:Wed, 19 May 2021 15:31:08
'':not send:Wed, 19 May 2021 15:31:08
'':not send:Wed, 19 May 2021 15:31:08
'':not send:Wed, 19 May 2021 15:31:08
'':not send:Wed, 19 May 2021 15:31:09
'':not send:Wed, 19 May 2021 15:31:09
'':not send:Wed, 19 May 2021 15:31:09
'':not send:Wed, 19 May 2021 15:31:09
'':not send:Wed, 19 May 2021 15:31:10
'':not send:Wed, 19 May 2021 15:31:10
'':not send:Wed, 19 May 2021 15:31:11
'':not send:Wed, 19 May 2021 15:31:11
'':not send:Wed, 19 May 2021 15:31:11
'':not send:Wed, 19 May 2021 15:31:11
'':not send:Wed, 19 May 2021 15:31:11
'':not send:Wed, 19 May 2021 15:31:11
'':not send:Wed, 19 May 2021 15:31:11
'':not send:Wed, 19 May 2021 15:31:12
'':not send:Wed, 19 May 2021 15:31:12
'':not send:Wed, 19 May 2021 15:31:12
'':not send:Wed, 19 May 2021 15:31:12
'':not send:Wed, 19 May 2021 15:31:12
'':not send:Wed, 19 May 2021 15:31:12
'':not send:Wed, 19 May 2021 15:31:12
'':not send:Wed, 19 May 2021 15:31:12
'':not send:Wed, 19 May 2021 15:31:12
'':not send:Wed, 19 May 2021 15:31:12
'':not send:Wed, 19 May 2021 15:31:13
'':not send:Wed, 19 May 2021 15:31:13
'':not send:Wed, 19 May 2021 15:31:13
'':not send:Wed, 19 May 2021 15:31:14
'':not send:Wed, 19 May 2021 15:31:16
'':not send:Wed, 19 May 2021 15:31:16
'':not send:Wed, 19 May 2021 15:31:16
'':not send:Wed, 19 May 2021 15:31:16
'':not send:Wed, 19 May 2021 15:31:17
'':not send:Wed, 19 May 2021 15:31:17
'':not send:Wed, 19 May 2021 15:31:17
'':not send:Wed, 19 May 2021 15:31:18
'':not send:Wed, 19 May 2021 15:31:18
'':not send:Wed, 19 May 2021 15:31:18
'':not send:Wed, 19 May 2021 15:31:19
'':not send:Wed, 19 May 2021 15:31:19
'':not send:Wed, 19 May 2021 15:31:19
'':not send:Wed, 19 May 2021 15:31:20
'':not send:Wed, 19 May 2021 15:31:20
'':not send:Wed, 19 May 2021 15:31:20
'':not send:Wed, 19 May 2021 15:31:20
'':not send:Wed, 19 May 2021 15:31:21
'':not send:Wed, 19 May 2021 15:31:21
'':not send:Wed, 19 May 2021 15:31:21
'':not send:Wed, 19 May 2021 15:31:22
'':not send:Wed, 19 May 2021 15:31:22
'':not send:Wed, 19 May 2021 15:31:22
'':not send:Wed, 19 May 2021 15:31:22
'':not send:Wed, 19 May 2021 15:31:22
'':not send:Wed, 19 May 2021 15:31:22
'':not send:Wed, 19 May 2021 15:31:22
'':not send:Wed, 19 May 2021 15:31:22
'':not send:Wed, 19 May 2021 15:31:22
'':not send:Wed, 19 May 2021 15:31:22
'':not send:Wed, 19 May 2021 15:31:48
'':not send:Wed, 19 May 2021 15:31:48
'':not send:Wed, 19 May 2021 15:31:48
'':not send:Wed, 19 May 2021 15:31:48
'':not send:Wed, 19 May 2021 15:31:49
'':not send:Wed, 19 May 2021 15:31:49
'':not send:Wed, 19 May 2021 15:31:49
'':not send:Wed, 19 May 2021 15:31:49
'':not send:Wed, 19 May 2021 15:31:50
'':not send:Wed, 19 May 2021 15:31:50
'':not send:Wed, 19 May 2021 15:31:50
'':not send:Wed, 19 May 2021 15:31:50
'':not send:Wed, 19 May 2021 15:31:50
'':not send:Wed, 19 May 2021 15:31:50
'':not send:Wed, 19 May 2021 15:31:51
'':not send:Wed, 19 May 2021 15:31:51
'':not send:Wed, 19 May 2021 15:31:51
'':not send:Wed, 19 May 2021 15:31:52
'':not send:Wed, 19 May 2021 15:31:52
'':not send:Wed, 19 May 2021 15:31:52
'':not send:Wed, 19 May 2021 15:31:53
'':not send:Wed, 19 May 2021 15:31:53
'':not send:Wed, 19 May 2021 15:31:53
'':not send:Wed, 19 May 2021 15:31:53
'':not send:Wed, 19 May 2021 15:31:53
'':not send:Wed, 19 May 2021 15:31:54
'':not send:Wed, 19 May 2021 15:31:54
'':not send:Wed, 19 May 2021 15:31:54
'':not send:Wed, 19 May 2021 15:31:54
'':not send:Wed, 19 May 2021 15:31:54
'':not send:Wed, 19 May 2021 15:31:54
'':not send:Wed, 19 May 2021 15:31:54
'':not send:Wed, 19 May 2021 15:31:55
'':not send:Wed, 19 May 2021 15:31:55
'':not send:Wed, 19 May 2021 15:31:55
'':not send:Wed, 19 May 2021 15:31:55
'':not send:Wed, 19 May 2021 15:31:55
'':not send:Wed, 19 May 2021 15:31:55
'':not send:Wed, 19 May 2021 15:31:55
'':not send:Wed, 19 May 2021 15:31:55
'':not send:Wed, 19 May 2021 15:31:56
'':not send:Wed, 19 May 2021 15:31:56
'':not send:Wed, 19 May 2021 15:31:56
'':not send:Wed, 19 May 2021 15:31:56
'':not send:Wed, 19 May 2021 15:31:57
'':not send:Wed, 19 May 2021 15:31:57
'':not send:Wed, 19 May 2021 15:31:57
'':not send:Wed, 19 May 2021 15:31:58
'':not send:Wed, 19 May 2021 15:31:58
'':not send:Wed, 19 May 2021 15:31:58
'':not send:Wed, 19 May 2021 15:31:58
'':not send:Wed, 19 May 2021 15:31:58
'':not send:Wed, 19 May 2021 15:31:59
'':not send:Wed, 19 May 2021 15:31:59
'':not send:Wed, 19 May 2021 15:31:59
'':not send:Wed, 19 May 2021 15:31:59
'':not send:Wed, 19 May 2021 15:31:59
'':not send:Wed, 19 May 2021 15:31:59
'':not send:Wed, 19 May 2021 15:31:59
'':not send:Wed, 19 May 2021 15:31:59
'':not send:Wed, 19 May 2021 15:31:59
'':not send:Wed, 19 May 2021 15:31:59
'':not send:Wed, 19 May 2021 15:31:59
'':not send:Wed, 19 May 2021 15:32:00
'':not send:Wed, 19 May 2021 15:32:00
'':not send:Wed, 19 May 2021 15:32:00
'':not send:Wed, 19 May 2021 15:32:00
'':not send:Wed, 19 May 2021 15:32:00
'':not send:Wed, 19 May 2021 15:32:01
'':not send:Wed, 19 May 2021 15:32:01
'':not send:Wed, 19 May 2021 15:32:16
'':not send:Wed, 19 May 2021 15:32:16
'':not send:Wed, 19 May 2021 15:32:17
'':not send:Wed, 19 May 2021 15:32:17
'':not send:Wed, 19 May 2021 15:32:17
'':not send:Wed, 19 May 2021 15:32:18
'':not send:Wed, 19 May 2021 15:32:18
'':not send:Wed, 19 May 2021 15:32:18
'':not send:Wed, 19 May 2021 15:32:19
'':not send:Wed, 19 May 2021 15:32:19
'':not send:Wed, 19 May 2021 15:32:19
'':not send:Wed, 19 May 2021 15:32:20
'':not send:Wed, 19 May 2021 15:32:20
'':not send:Wed, 19 May 2021 15:32:20
'':not send:Wed, 19 May 2021 15:32:20
'':not send:Wed, 19 May 2021 15:32:21
'':not send:Wed, 19 May 2021 15:32:21
'':not send:Wed, 19 May 2021 15:32:21
'':not send:Wed, 19 May 2021 15:32:22
'':not send:Wed, 19 May 2021 15:32:22
'':not send:Wed, 19 May 2021 15:32:22
'':not send:Wed, 19 May 2021 15:32:22
'':not send:Wed, 19 May 2021 15:32:22
'':not send:Wed, 19 May 2021 15:32:22
'':not send:Wed, 19 May 2021 15:32:23
'':not send:Wed, 19 May 2021 15:32:23
'':not send:Wed, 19 May 2021 15:32:23
'':not send:Wed, 19 May 2021 15:32:23
'':not send:Wed, 19 May 2021 15:32:23
'':not send:Wed, 19 May 2021 15:32:23
'':not send:Wed, 19 May 2021 15:32:23
'':not send:Wed, 19 May 2021 15:32:23
'':not send:Wed, 19 May 2021 15:32:23
'':not send:Wed, 19 May 2021 15:32:23
'':not send:Wed, 19 May 2021 15:32:23
'':not send:Wed, 19 May 2021 15:32:24
'':not send:Wed, 19 May 2021 15:32:24
'':not send:Wed, 19 May 2021 15:32:24
'':not send:Wed, 19 May 2021 15:32:25
'':not send:Wed, 19 May 2021 15:32:25
'':not send:Wed, 19 May 2021 15:32:25
'':not send:Wed, 19 May 2021 15:32:26
'':not send:Wed, 19 May 2021 15:32:26
'':not send:Wed, 19 May 2021 15:32:26
'':not send:Wed, 19 May 2021 15:32:27
'':not send:Wed, 19 May 2021 15:32:27
'':not send:Wed, 19 May 2021 15:32:27
'':not send:Wed, 19 May 2021 15:32:28
'':not send:Wed, 19 May 2021 15:32:28
'':not send:Wed, 19 May 2021 15:32:28
'':not send:Wed, 19 May 2021 15:33:04
'':not send:Wed, 19 May 2021 15:33:04
'':not send:Wed, 19 May 2021 15:33:05
'':not send:Wed, 19 May 2021 15:33:05
'':not send:Wed, 19 May 2021 15:33:05
'':not send:Wed, 19 May 2021 15:33:05
'':not send:Wed, 19 May 2021 15:33:06
'':not send:Wed, 19 May 2021 15:33:06
'':not send:Wed, 19 May 2021 15:33:06
'':not send:Wed, 19 May 2021 15:33:07
'':not send:Wed, 19 May 2021 15:33:07
'':not send:Wed, 19 May 2021 15:33:07
'':not send:Wed, 19 May 2021 15:33:08
'':not send:Wed, 19 May 2021 15:33:08
'':not send:Wed, 19 May 2021 15:33:08
'':not send:Wed, 19 May 2021 15:33:08
'':not send:Wed, 19 May 2021 15:33:09
'':not send:Wed, 19 May 2021 15:33:09
'':not send:Wed, 19 May 2021 15:33:09
'':not send:Wed, 19 May 2021 15:33:10
'':not send:Wed, 19 May 2021 15:33:10
'':not send:Wed, 19 May 2021 15:33:10
'':not send:Wed, 19 May 2021 15:33:10
'':not send:Wed, 19 May 2021 15:33:10
'':not send:Wed, 19 May 2021 15:33:10
'':not send:Wed, 19 May 2021 15:33:10
'':not send:Wed, 19 May 2021 15:33:10
'':not send:Wed, 19 May 2021 15:33:10
'':not send:Wed, 19 May 2021 15:33:11
'':not send:Wed, 19 May 2021 15:33:11
'':not send:Wed, 19 May 2021 15:33:11
'':not send:Wed, 19 May 2021 15:33:11
'':not send:Wed, 19 May 2021 15:33:11
'':not send:Wed, 19 May 2021 15:33:11
'':not send:Wed, 19 May 2021 15:33:11
'':not send:Wed, 19 May 2021 15:33:12
'':not send:Wed, 19 May 2021 15:33:12
'':not send:Wed, 19 May 2021 15:33:12
'':not send:Wed, 19 May 2021 15:33:12
'':not send:Wed, 19 May 2021 15:33:13
'':not send:Wed, 19 May 2021 15:33:13
'':not send:Wed, 19 May 2021 15:33:13
'':not send:Wed, 19 May 2021 15:33:14
'':not send:Wed, 19 May 2021 15:33:14
'':not send:Wed, 19 May 2021 15:33:14
'':not send:Wed, 19 May 2021 15:33:15
'':not send:Wed, 19 May 2021 15:33:15
'':not send:Wed, 19 May 2021 15:33:15
'':not send:Wed, 19 May 2021 15:33:15
'':not send:Wed, 19 May 2021 15:33:16
'':not send:Wed, 19 May 2021 15:33:16
'':not send:Wed, 19 May 2021 15:33:16
'':not send:Wed, 19 May 2021 15:33:17
'':not send:Wed, 19 May 2021 15:33:17
'':not send:Wed, 19 May 2021 15:33:17
'':not send:Wed, 19 May 2021 15:33:18
'':not send:Wed, 19 May 2021 15:33:18
'':not send:Wed, 19 May 2021 15:33:18
'':not send:Wed, 19 May 2021 15:33:18
'':not send:Wed, 19 May 2021 15:33:18
'':not send:Wed, 19 May 2021 15:33:19
'':not send:Wed, 19 May 2021 15:33:19
'':not send:Wed, 19 May 2021 15:33:19
'':not send:Wed, 19 May 2021 15:33:19
'':not send:Wed, 19 May 2021 15:33:19
'':not send:Wed, 19 May 2021 15:33:20
'':not send:Wed, 19 May 2021 15:33:20
'':not send:Wed, 19 May 2021 15:33:20
'':not send:Wed, 19 May 2021 15:33:21
'':not send:Wed, 19 May 2021 15:33:21
'':not send:Wed, 19 May 2021 15:34:19
'':not send:Wed, 19 May 2021 15:34:19
'':not send:Wed, 19 May 2021 15:34:20
'':not send:Wed, 19 May 2021 15:34:20
'':not send:Wed, 19 May 2021 15:34:20
'':not send:Wed, 19 May 2021 15:34:21
'':not send:Wed, 19 May 2021 15:34:21
'':not send:Wed, 19 May 2021 15:34:21
'':not send:Wed, 19 May 2021 15:34:21
'':not send:Wed, 19 May 2021 15:34:22
'':not send:Wed, 19 May 2021 15:34:22
'':not send:Wed, 19 May 2021 15:34:22
'':not send:Wed, 19 May 2021 15:34:23
'':not send:Wed, 19 May 2021 15:34:23
'':not send:Wed, 19 May 2021 15:34:23
'':not send:Wed, 19 May 2021 15:34:24
'':not send:Wed, 19 May 2021 15:34:24
'':not send:Wed, 19 May 2021 15:34:24
'':not send:Wed, 19 May 2021 15:34:25
'':not send:Wed, 19 May 2021 15:34:25
'':not send:Wed, 19 May 2021 15:34:25
'':not send:Wed, 19 May 2021 15:34:25
'':not send:Wed, 19 May 2021 15:34:25
'':not send:Wed, 19 May 2021 15:34:25
'':not send:Wed, 19 May 2021 15:34:25
'':not send:Wed, 19 May 2021 15:34:26
'':not send:Wed, 19 May 2021 15:34:26
'':not send:Wed, 19 May 2021 15:34:26
'':not send:Wed, 19 May 2021 15:34:26
'':not send:Wed, 19 May 2021 15:34:26
'':not send:Wed, 19 May 2021 15:35:18
'':not send:Wed, 19 May 2021 15:35:18
'':not send:Wed, 19 May 2021 15:35:19
'':not send:Wed, 19 May 2021 15:35:19
'':not send:Wed, 19 May 2021 15:35:19
'':not send:Wed, 19 May 2021 15:35:20
'':not send:Wed, 19 May 2021 15:35:20
'':not send:Wed, 19 May 2021 15:35:20
'':not send:Wed, 19 May 2021 15:35:20
'':not send:Wed, 19 May 2021 15:35:21
'':not send:Wed, 19 May 2021 15:35:21
'':not send:Wed, 19 May 2021 15:35:21
'':not send:Wed, 19 May 2021 15:35:22
'':not send:Wed, 19 May 2021 15:35:22
'':not send:Wed, 19 May 2021 15:35:22
'':not send:Wed, 19 May 2021 15:35:22
'':not send:Wed, 19 May 2021 15:35:22
'':not send:Wed, 19 May 2021 15:35:22
'':not send:Wed, 19 May 2021 15:35:22
'':not send:Wed, 19 May 2021 15:35:23
'':not send:Wed, 19 May 2021 15:35:23
'':not send:Wed, 19 May 2021 15:35:23
'':not send:Wed, 19 May 2021 15:35:23
'':not send:Wed, 19 May 2021 15:35:23
'':not send:Wed, 19 May 2021 15:35:23
'':not send:Wed, 19 May 2021 15:35:23
'':not send:Wed, 19 May 2021 15:35:24
'':not send:Wed, 19 May 2021 15:35:24
'':not send:Wed, 19 May 2021 15:35:24
'':not send:Wed, 19 May 2021 15:35:24
'':not send:Wed, 19 May 2021 15:35:24
'':not send:Wed, 19 May 2021 15:35:24
'':not send:Wed, 19 May 2021 15:35:24
'':not send:Wed, 19 May 2021 15:35:24
'':not send:Wed, 19 May 2021 15:35:24
'':not send:Wed, 19 May 2021 15:35:24
'':not send:Wed, 19 May 2021 15:35:24
'':not send:Wed, 19 May 2021 15:35:25
'':not send:Wed, 19 May 2021 15:35:25
'':not send:Wed, 19 May 2021 15:35:25
'':not send:Wed, 19 May 2021 15:35:25
'':not send:Wed, 19 May 2021 15:35:25
'':not send:Wed, 19 May 2021 15:35:25
'':not send:Wed, 19 May 2021 15:35:25
'':not send:Wed, 19 May 2021 15:35:26
'':not send:Wed, 19 May 2021 15:35:26
'':not send:Wed, 19 May 2021 15:35:26
'':not send:Wed, 19 May 2021 15:35:27
'':not send:Wed, 19 May 2021 15:35:27
'':not send:Wed, 19 May 2021 15:35:27
'':not send:Wed, 19 May 2021 15:35:28
'':not send:Wed, 19 May 2021 15:35:28
'':not send:Wed, 19 May 2021 15:35:28
'':not send:Wed, 19 May 2021 15:35:29
'':not send:Wed, 19 May 2021 15:35:29
'':not send:Wed, 19 May 2021 15:35:29
'':not send:Wed, 19 May 2021 15:35:30
'':not send:Wed, 19 May 2021 15:35:30
'':not send:Wed, 19 May 2021 15:35:30
'':not send:Wed, 19 May 2021 15:35:30
'':not send:Wed, 19 May 2021 15:35:34
'':not send:Wed, 19 May 2021 15:35:35
'':not send:Wed, 19 May 2021 15:35:35
'':not send:Wed, 19 May 2021 15:35:35
'':not send:Wed, 19 May 2021 15:35:35
'':not send:Wed, 19 May 2021 15:35:36
'':not send:Wed, 19 May 2021 15:35:36
'':not send:Wed, 19 May 2021 15:35:36
'':not send:Wed, 19 May 2021 15:35:37
'':not send:Wed, 19 May 2021 15:35:37
'':not send:Wed, 19 May 2021 15:37:19
'':not send:Wed, 19 May 2021 15:37:19
'':not send:Wed, 19 May 2021 15:37:19
'':not send:Wed, 19 May 2021 15:37:20
'':not send:Wed, 19 May 2021 15:37:20
'':not send:Wed, 19 May 2021 15:37:20
'':not send:Wed, 19 May 2021 15:37:20
'':not send:Wed, 19 May 2021 15:37:21
'':not send:Wed, 19 May 2021 15:37:21
'':not send:Wed, 19 May 2021 15:37:21
+19610730117::
+19610730117::
+17862279815::
+19610730117::
+19610730117::
+19610730117::
+17862279815::
+17862279815::
+17862279815::
+17862279815::
+17862279815::
+17862279815::
+17862279815::
'':not send:Fri, 21 May 2021 17:28:13
+17862279815::
+17862279815::
+17862279815::
+19610730117::
+17862279815::
+19610730117::
+19610730117::
+19610730117::
+17862279815::
+19610730117::
+19610730117::
+19610730117::
+17862279815::
+19610730117::
+19610730117::
+19610730117::
+17862279815::
+19610730117::
+19610730117::
+19610730117::
+17862279815::
+19610730117::
+19610730117::
+19610730117::
+19610730117::
+19610730117::
+19610730117::
+17862279815::
+19610730117::
+19610730117::
+19610730117::
+17862279815::
+19610730117::
+19610730117::
+19610730117::
+17862279815::
+19610730117::
+19610730117::
+19610730117::
+17862279815::
+19610730117::
+19610730117::
+19610730117::
+17862279815::
+19610730117::
+19610730117::
+19610730117::
+17862279815::
+19610730117::
+19610730117::
+19610730117::
+17862279815::
+19610730117::
+19610730117::
+19610730117::
+17862279815::
+19610730117::
+19610730117::
+19610730117::
+17862279815::
+19610730117::
+19610730117::
+19610730117::
+17862279815::
+19610730117::
+19610730117::
+19610730117::
+17862279815::
+19610730117::
+19610730117::
+19610730117::
+19610730117::
+19610730117::
+19610730117::
+17862279815::
+17862279815::
+19610730117::
+19610730117::
+19610730117::
+17862279815::
+19610730117::
+19610730117::
+19610730117::
+19610730117::
+19610730117::
+17862279815::
+19610730117::
+19610730117::
+19610730117::
+19610730117::
+17862279815::
+17862279815::
+19610730117::
+19610730117::
+19610730117::
+17862279815::
+19610730117::
+19610730117::
+19610730117::
+17862279815::
+19610730117::
+19610730117::
+19610730117::
+17862279815::
+19610730117::
+19610730117::
+19610730117::
+19610730117::
+19610730117::
+19610730117::
+17862279815::
+19610730117::
+17862279815::
+19610730117::
+19610730117::
+17862279815::
+19610730117::
+19610730117::
+19610730117::
+17862279815::
+19610730117::
+19610730117::
+19610730117::
+17862279815::
+19610730117::
+19610730117::
+19610730117::
+17862279815::
+19610730117::
+17862279815::
+17862279815::
+17862279815::
+17862279815::
+17862279815::
+17862279815::
+17862279815::
+19610730117::
+17862279815::
+17862279815::
+17862279815::
+19610730117::
+17862279815::
+19610730117::
+17862279815::
+17862279815::
+17862279815::
+17862279815::
+17862279815::
+17862279815::
+17862279815::
+17862279815::
+17862279815::
+17862279815::
+17862279815::
+17862279815::
+17862279815::
+17862279815::
+17862279815::
+17862279815::
+17862279815::
+17862279815::
+17862279815::
+17862279815::
+17862279815::
+17862279815::
+17862279815::
+17862279815::
+17862279815::
+17862279815::
+17862279815::
+17862279815::
+17862279815::
+17862279815::
+17862279815::
+17862279815::
+17862279815::
+17862279815::
+17862279815::
+17862279815::
+17862279815::
+17862279815::
+17862279815::
+17862279815::
+17862279815::
+17862279815::
+17862279815::
+19610730117::
+17862279815::
+19610730117::
+17862279815::
+19610730117::
+17862279815::
+19610730117::
+17862279815::
+19610730117::
+17862279815::
+17862279815::
+19610730117::
+17862279815::
+19610730117::
+17862279815::
+17862279815::
+17862279815::
+19610730117::
+17862279815::
+17862279815::
+19610730117::
+17862279815::
+17862279815::
+19610730117::
+17862279815::
+17862279815::
+17862279815::
+17862279815::
+19610730117::
+17862279815::
+19610730117::
+17862279815::
+19610730117::
+17862279815::
+17862279815::
+19610730117::
+17862279815::
+17862279815::
+19610730117::
+17862279815::
+19610730117::
+17862279815::
+19610730117::
+17862279815::
+19610730117::
+17862279815::
+17862279815::
+17862279815::
+17862279815::
+17862279815::
+17862279815::
+17862279815::
+17862279815::
+17862279815::
+17862279815::
+17862279815::
+17862279815::
+17862279815::
+17862279815::
+17862279815::
+17862279815::
+19610730117::
+17862279815::
+17862279815::
+17862279815::
+17862279815::
+19610730117::
+17862279815::
+17862279815::
+17862279815::
+17862279815::
+19610730117::
+17862279815::
+17862279815::
+17862279815::
+17862279815::
+17862279815::
+17862279815::
+17862279815::
+17862279815::
+17862279815::
+17862279815::
+17862279815::
+17862279815::
+17862279815::
+19610730117::
+17862279815::
+19610730117::
+17862279815::
+17862279815::
+17862279815::
+17862279815::
+17862279815::
+17862279815::
+17862279815::
+17862279815::
+17862279815::
+17862279815::
+17862279815::
+17862279815::
+17862279815::
+17862279815::
+17862279815::
+17862279815::
+17862279815::
+17862279815::
+17862279815::
+17862279815::
+17862279815::
+17862279815::
+17862279815::
+17862279815::
+17862279815::
+17862279815::
+17862279815::
+17862279815::
+17862279815::
+17862279815::
+17862279815::
+17862279815::
+17862279815::
+17862279815::
+19610730117::
+17862279815::
+17862279815::
+19610730117::
+17862279815::
+19610730117::
+17862279815::
+17862279815::
+17862279815::
+19610730117::
+17862279815::
+17862279815::
+17862279815::
+17862279815::
+17862279815::
+17862279815::
+17862279815::
+19610730117::
+17862279815::
+19610730117::
+17862279815::
+17862279815::
+19610730117::
+17862279815::
+19610730117::
+17862279815::
+19610730117::
+17862279815::
+19610730117::
+17862279815::
+17862279815::
+19610730117::
+17862279815::
+19610730117::
+17862279815::
+19610730117::
+17862279815::
+19610730117::
+17862279815::
+17862279815::
+19610730117::
+17862279815::
+19610730117::
+17862279815::
+17862279815::
+17862279815::
+17862279815::
+17862279815::
+17862279815::
+17862279815::
+17862279815::
+17862279815::
+17862279815::
+17862279815::
+17862279815::
+17862279815::
+17862279815::
+17862279815::
+17862279815::
+17862279815::
+17862279815::
+17862279815::
+17862279815::
+17862279815::
+17862279815::
+17862279815::
+17862279815::
+17862279815::
+17862279815::
+17862279815::
+19610730117::
+17862279815::
+17862279815::
+19610730117::
+17862279815::
+17862279815::
+17862279815::
+19610730117::
+17862279815::
+17862279815::
+17862279815::
+17862279815::
+17862279815::
+17862279815::
+17862279815::
+17862279815::
+17862279815::
+17862279815::
+17862279815::
+17862279815::
+17862279815::
+17862279815::
+17862279815::
+17862279815::
+19610730117::
+17862279815::
+17862279815::
+17862279815::
+17862279815::
+17862279815::
+17862279815::
+17862279815::
+17862279815::
+17862279815::
+17862279815::
+17862279815::
+17862279815::
+17862279815::
+17862279815::
+17862279815::
+17862279815::
+17862279815::
+17862279815::
+17862279815::
+17862279815::
+17862279815::
+19610730117::
+17862279815::
+19610730117::
+17862279815::
+19610730117::
+17862279815::
+17862279815::
+19610730117::
+17862279815::
+19610730117::
+17862279815::
+19610730117::
+17862279815::
+19610730117::
+17862279815::
+19610730117::
+17862279815::
+19610730117::
+17862279815::
+19610730117::
+17862279815::
+19610730117::
+17862279815::
